word:C Rag, defid:1847240
word:C rag, defid:314018
word:C shift, defid:12182228
word:c section, defid:5451614
word:C Cup, defid:2601318
word:C. Jay, defid:1197259
word:c 3, defid:5256941
word:o ., defid:5219151
word:F Dub, defid:3727438
word:F - Dub, defid:1383342
word:F Dub, defid:2995198
word:F buddy, defid:1779921
word:E cig, defid:10409591
word:F word, defid:9003334
word:F word, defid:11112920
word:f squared, defid:4837156
word:F Squared, defid:2147701
word:B Team, defid:1048536
word:B Team, defid:6424496
word:B Team, defid:1419463
word:b team, defid:11296390
word:E cig, defid:10409591
word:c burg, defid:2778985
word:C bridge, defid:2085090
word:c bomb, defid:2083211
word:c bomb, defid:2100729
